8/14/2018 5:00:13 PM	This log contains information about the import schema operation into project 'DirectSpInternalDb' on computer 'DESKTOP-H83GJ74' by user 'behnam'.
8/14/2018 5:00:13 PM	Import of database schema has started.
8/14/2018 5:00:20 PM	Gathering database credentials
8/14/2018 5:00:20 PM	Gathering database options
8/14/2018 5:00:20 PM	Gathering generic database scoped configuration option
8/14/2018 5:00:20 PM	Gathering users
8/14/2018 5:00:20 PM	Gathering roles
8/14/2018 5:00:20 PM	Gathering application roles
8/14/2018 5:00:20 PM	Gathering role memberships
8/14/2018 5:00:20 PM	Gathering filegroups
8/14/2018 5:00:20 PM	Gathering full-text catalogs
8/14/2018 5:00:20 PM	Gathering assemblies
8/14/2018 5:00:20 PM	Gathering certificates
8/14/2018 5:00:20 PM	Gathering asymmetric keys
8/14/2018 5:00:20 PM	Gathering symmetric keys
8/14/2018 5:00:20 PM	Gathering encrypted symmetric keys
8/14/2018 5:00:20 PM	Gathering schemas
8/14/2018 5:00:20 PM	Gathering XML schema collections
8/14/2018 5:00:20 PM	Gathering user-defined data types
8/14/2018 5:00:20 PM	Gathering user-defined types
8/14/2018 5:00:20 PM	Gathering table types
8/14/2018 5:00:20 PM	Gathering unique keys for table types
8/14/2018 5:00:20 PM	Gathering primary keys for table types
8/14/2018 5:00:20 PM	Gathering indexes for table types
8/14/2018 5:00:20 PM	Gathering check constraints for table types
8/14/2018 5:00:20 PM	Gathering default constraints for table types
8/14/2018 5:00:20 PM	Gathering partition functions
8/14/2018 5:00:20 PM	Gathering partition schemes
8/14/2018 5:00:20 PM	Gathering functions
8/14/2018 5:00:20 PM	Gathering encrypted functions
8/14/2018 5:00:20 PM	Gathering aggregates
8/14/2018 5:00:20 PM	Gathering procedures
8/14/2018 5:00:20 PM	Gathering encrypted procedures
8/14/2018 5:00:20 PM	Gathering tables
8/14/2018 5:00:20 PM	Gathering primary keys
8/14/2018 5:00:20 PM	Gathering unique constraints
8/14/2018 5:00:20 PM	Gathering foreign keys
8/14/2018 5:00:20 PM	Gathering default constraints
8/14/2018 5:00:20 PM	Gathering check constraints
8/14/2018 5:00:20 PM	Gathering views
8/14/2018 5:00:20 PM	Gathering encrypted views
8/14/2018 5:00:20 PM	Gathering indexes
8/14/2018 5:00:20 PM	Gathering statistics
8/14/2018 5:00:20 PM	Gathering full-text index stoplists
8/14/2018 5:00:20 PM	Gathering search property lists
8/14/2018 5:00:20 PM	Gathering search properties
8/14/2018 5:00:20 PM	Gathering full-text indexes
8/14/2018 5:00:20 PM	Gathering column store indexes
8/14/2018 5:00:20 PM	Gathering spatial indexes
8/14/2018 5:00:20 PM	Gathering XML indexes
8/14/2018 5:00:20 PM	Gathering Selective XML indexes
8/14/2018 5:00:20 PM	Gathering encrypted triggers
8/14/2018 5:00:21 PM	Gathering triggers
8/14/2018 5:00:21 PM	Gathering encrypted and clr ddl triggers
8/14/2018 5:00:21 PM	Gathering ddl triggers
8/14/2018 5:00:21 PM	Gathering synonyms
8/14/2018 5:00:21 PM	Gathering defaults
8/14/2018 5:00:21 PM	Gathering data constraint uddt bindings
8/14/2018 5:00:21 PM	Gathering rules
8/14/2018 5:00:21 PM	Gathering data constraint uddt bindings
8/14/2018 5:00:21 PM	Gathering message types
8/14/2018 5:00:21 PM	Gathering queues
8/14/2018 5:00:21 PM	Gathering contracts
8/14/2018 5:00:21 PM	Gathering services
8/14/2018 5:00:21 PM	Gathering event notifications
8/14/2018 5:00:21 PM	Gathering remote service bindings
8/14/2018 5:00:21 PM	Gathering broker priorities
8/14/2018 5:00:21 PM	Gathering signatures
8/14/2018 5:00:21 PM	Gathering data compression options
8/14/2018 5:00:21 PM	Gathering sequence types
8/14/2018 5:00:21 PM	Gathering security policies
8/14/2018 5:00:21 PM	Gather column encryption keys
8/14/2018 5:00:21 PM	Gathering column master keys
8/14/2018 5:00:21 PM	Gathering external data sources
8/14/2018 5:00:21 PM	Gathering external file formats
8/14/2018 5:00:21 PM	Gathering external tables
8/14/2018 5:00:21 PM	Gathering extended properties
8/14/2018 5:00:21 PM	Gathering credentials
8/14/2018 5:00:21 PM	Gathering logins
8/14/2018 5:00:21 PM	Gathering server audits
8/14/2018 5:00:21 PM	Scanning project for duplicate elements
8/14/2018 5:00:21 PM	Finished duplicate element processing
8/14/2018 5:00:26 PM	Finished importing database.
8/14/2018 5:00:26 PM	A summary of the import was saved to the following location: C:\workspace\Yara\DirectSpCore\DirectSpInternalDb\Import Schema Logs\DirectSpInternalDb_20180814123013.log
8/14/2018 5:00:26 PM	Click Finish to continue...
